{
  "RSpec": {
    "coverage": {
      "/Users/nabeel/git/lvm-rails/spec/controllers/matches_controller_spec.rb": [
        1,
        null,
        1,
        null
      ],
      "/Users/nabeel/git/lvm-rails/spec/rails_helper.rb": [
        null,
        1,
        1,
        null,
        1,
        0,
        null,
        1,
        1,
        null,
        null,
        null,
        null,
        null,
        null,
        null,
        null,
        null,
        null,
        null,
        null,
        null,
        null,
        null,
        null,
        null,
        null,
        null,
        1,
        null,
        1,
        null,
        1,
        null,
        null,
        null,
        null,
        1,
        null,
        null,
        null,
        null,
        null,
        null,
        null,
        null,
        null,
        null,
        null,
        null,
        null,
        null,
        1,
        null,
        null,
        1,
        null,
        null,
        null
      ],
      "/Users/nabeel/git/lvm-rails/config/environment.rb": [
        null,
        1,
        null,
        null,
        1
      ],
      "/Users/nabeel/git/lvm-rails/config/application.rb": [
        1,
        null,
        1,
        null,
        null,
        null,
        1,
        null,
        1,
        1,
        null,
        null,
        null,
        null,
        null
      ],
      "/Users/nabeel/git/lvm-rails/config/boot.rb": [
        1,
        null,
        1
      ],
      "/Users/nabeel/git/lvm-rails/config/environments/test.rb": [
        1,
        null,
        null,
        null,
        null,
        null,
        null,
        1,
        null,
        null,
        null,
        null,
        1,
        null,
        null,
        1,
        1,
        null,
        null,
        null,
        null,
        1,
        1,
        null,
        null,
        1,
        null,
        null,
        1,
        1,
        null,
        null,
        null,
        null,
        1,
        null,
        null,
        1,
        null,
        null,
        null,
        null
      ],
      "/Users/nabeel/git/lvm-rails/config/initializers/application_controller_renderer.rb": [
        null,
        null,
        null,
        null,
        null,
        null
      ],
      "/Users/nabeel/git/lvm-rails/config/initializers/assets.rb": [
        null,
        null,
        null,
        1,
        null,
        null,
        null,
        null,
        null,
        null,
        null
      ],
      "/Users/nabeel/git/lvm-rails/config/initializers/backtrace_silencers.rb": [
        null,
        null,
        null,
        null,
        null,
        null,
        null
      ],
      "/Users/nabeel/git/lvm-rails/config/initializers/cookies_serializer.rb": [
        null,
        null,
        null,
        null,
        1
      ],
      "/Users/nabeel/git/lvm-rails/config/initializers/devise.rb": [
        null,
        null,
        1,
        null,
        null,
        null,
        null,
        null,
        null,
        null,
        null,
        null,
        null,
        null,
        1,
        null,
        null,
        null,
        null,
        null,
        null,
        null,
        null,
        null,
        null,
        null,
        1,
        null,
        null,
        null,
        null,
        null,
        null,
        null,
        null,
        null,
        null,
        null,
        null,
        null,
        null,
        null,
        null,
        null,
        null,
        null,
        null,
        null,
        1,
        null,
        null,
        null,
        null,
        1,
        null,
        null,
        null,
        null,
        null,
        null,
        null,
        null,
        null,
        null,
        null,
        null,
        null,
        null,
        null,
        null,
        null,
        null,
        null,
        null,
        null,
        null,
        null,
        null,
        null,
        null,
        null,
        null,
        null,
        null,
        1,
        null,
        null,
        null,
        null,
        null,
        null,
        null,
        null,
        null,
        null,
        null,
        null,
        null,
        null,
        null,
        null,
        null,
        null,
        null,
        null,
        null,
        null,
        1,
        null,
        null,
        null,
        null,
        null,
        null,
        null,
        null,
        null,
        null,
        null,
        null,
        null,
        null,
        null,
        null,
        null,
        null,
        null,
        null,
        null,
        null,
        null,
        null,
        null,
        null,
        null,
        1,
        null,
        null,
        null,
        null,
        null,
        null,
        null,
        null,
        null,
        1,
        null,
        null,
        null,
        null,
        null,
        null,
        null,
        null,
        null,
        null,
        1,
        null,
        null,
        null,
        null,
        1,
        null,
        null,
        null,
        null,
        null,
        null,
        null,
        null,
        null,
        null,
        null,
        null,
        null,
        null,
        null,
        null,
        null,
        null,
        null,
        null,
        null,
        null,
        null,
        null,
        null,
        null,
        null,
        null,
        null,
        null,
        null,
        null,
        null,
        null,
        null,
        null,
        null,
        null,
        null,
        null,
        1,
        null,
        null,
        null,
        null,
        null,
        null,
        null,
        null,
        null,
        null,
        null,
        null,
        null,
        null,
        null,
        null,
        null,
        null,
        null,
        null,
        null,
        null,
        null,
        null,
        null,
        null,
        null,
        null,
        null,
        null,
        null,
        null,
        null,
        null,
        null,
        null,
        null,
        null,
        null,
        null,
        null,
        1,
        null,
        null,
        null,
        null,
        null,
        null,
        null,
        null,
        null,
        null,
        null,
        null,
        null,
        null,
        null,
        null,
        null,
        null,
        null,
        null,
        null,
        null,
        null,
        null,
        null,
        null,
        null,
        null,
        null
      ],
      "/Users/nabeel/git/lvm-rails/config/initializers/filter_parameter_logging.rb": [
        null,
        null,
        null,
        1
      ],
      "/Users/nabeel/git/lvm-rails/config/initializers/inflections.rb": [
        null,
        null,
        null,
        null,
        null,
        null,
        null,
        null,
        null,
        null,
        null,
        null,
        null,
        null,
        null,
        null
      ],
      "/Users/nabeel/git/lvm-rails/config/initializers/mime_types.rb": [
        null,
        null,
        null,
        null
      ],
      "/Users/nabeel/git/lvm-rails/config/initializers/new_framework_defaults.rb": [
        null,
        null,
        null,
        null,
        null,
        null,
        null,
        1,
        null,
        null,
        1,
        null,
        null,
        null,
        1,
        null,
        null,
        1,
        null,
        null,
        1,
        null,
        null,
        1
      ],
      "/Users/nabeel/git/lvm-rails/config/initializers/session_store.rb": [
        null,
        null,
        1
      ],
      "/Users/nabeel/git/lvm-rails/config/initializers/wrap_parameters.rb": [
        null,
        null,
        null,
        null,
        null,
        null,
        1,
        1,
        null,
        null,
        null,
        null,
        null,
        null
      ],
      "/Users/nabeel/git/lvm-rails/config/routes.rb": [
        1,
        1,
        1,
        null,
        1,
        null,
        1,
        1,
        null,
        1,
        1,
        1,
        null
      ],
      "/Users/nabeel/git/lvm-rails/app/models/user.rb": [
        1,
        null,
        null,
        1,
        null,
        null,
        1,
        null,
        null,
        null,
        null,
        null,
        1,
        1,
        null,
        null,
        1,
        1,
        null,
        null,
        1,
        1,
        null,
        null,
        1,
        3,
        null,
        null,
        1,
        3,
        null,
        null
      ],
      "/Users/nabeel/git/lvm-rails/app/models/application_record.rb": [
        1,
        1,
        null
      ],
      "/Users/nabeel/git/lvm-rails/app/helpers/application_helper.rb": [
        1,
        null
      ],
      "/Users/nabeel/git/lvm-rails/app/helpers/coordinators_helper.rb": [
        1,
        null
      ],
      "/Users/nabeel/git/lvm-rails/app/helpers/matches_helper.rb": [
        1,
        null
      ],
      "/Users/nabeel/git/lvm-rails/app/helpers/students_helper.rb": [
        1,
        null
      ],
      "/Users/nabeel/git/lvm-rails/app/helpers/tutors_helper.rb": [
        1,
        null
      ],
      "/Users/nabeel/git/lvm-rails/app/helpers/volunteer_jobs_helper.rb": [
        1,
        null
      ],
      "/Users/nabeel/git/lvm-rails/app/helpers/welcome_helper.rb": [
        1,
        null
      ],
      "/Users/nabeel/git/lvm-rails/app/controllers/matches_controller.rb": [
        1,
        1,
        0,
        null,
        null,
        1,
        null,
        1,
        0,
        null,
        null,
        null,
        null,
        null,
        null
      ],
      "/Users/nabeel/git/lvm-rails/app/controllers/application_controller.rb": [
        1,
        1,
        1,
        null,
        1,
        0,
        null,
        null,
        1,
        0,
        null,
        null,
        1,
        0,
        null,
        null,
        1,
        null,
        1,
        0,
        0,
        null,
        null
      ],
      "/Users/nabeel/git/lvm-rails/spec/controllers/volunteer_jobs_controller_spec.rb": [
        1,
        null,
        1,
        null
      ],
      "/Users/nabeel/git/lvm-rails/app/controllers/volunteer_jobs_controller.rb": [
        1,
        1,
        0,
        null,
        null,
        1,
        null,
        1,
        0,
        null,
        null,
        null,
        null,
        null,
        null
      ],
      "/Users/nabeel/git/lvm-rails/spec/helpers/matches_helper_spec.rb": [
        1,
        null,
        null,
        null,
        null,
        null,
        null,
        null,
        null,
        null,
        null,
        null,
        1,
        1,
        null
      ],
      "/Users/nabeel/git/lvm-rails/spec/helpers/volunteer_jobs_helper_spec.rb": [
        1,
        null,
        null,
        null,
        null,
        null,
        null,
        null,
        null,
        null,
        null,
        null,
        1,
        1,
        null
      ],
      "/Users/nabeel/git/lvm-rails/spec/models/enrollment_spec.rb": [
        1,
        null,
        1,
        1,
        null
      ],
      "/Users/nabeel/git/lvm-rails/app/models/enrollment.rb": [
        1,
        1,
        1,
        null
      ],
      "/Users/nabeel/git/lvm-rails/spec/models/match_spec.rb": [
        1,
        null,
        1,
        1,
        null
      ],
      "/Users/nabeel/git/lvm-rails/app/models/match.rb": [
        1,
        1,
        1,
        null
      ],
      "/Users/nabeel/git/lvm-rails/spec/models/user_spec.rb": [
        1,
        null,
        1,
        1,
        1,
        2,
        null,
        null,
        1,
        1,
        1,
        null,
        null,
        1,
        1,
        1,
        null,
        null,
        null,
        1,
        1,
        2,
        null,
        null,
        1,
        1,
        1,
        null,
        null,
        1,
        1,
        1,
        null,
        null,
        null,
        1,
        1,
        2,
        null,
        null,
        1,
        1,
        1,
        null,
        null,
        1,
        1,
        1,
        null,
        null,
        null
      ],
      "/Users/nabeel/git/lvm-rails/spec/models/volunteer_job_spec.rb": [
        1,
        null,
        1,
        1,
        null
      ],
      "/Users/nabeel/git/lvm-rails/app/models/volunteer_job.rb": [
        1,
        1,
        1,
        null
      ]
    },
    "timestamp": 1485557778
  }
}
